<?xml version="1.0" encoding="UTF-8"?>
<!-- Generated by org.testng.reporters.JUnitReportReporter -->
<testsuite hostname="DESKTOP-O3QFT1M" failures="1" tests="2" name="Ebay.Ebay.AppTest" time="5.528" errors="0" timestamp="2 Jul 2018 11:03:48 GMT">
  <testcase classname="Ebay.Ebay.AppTest" name="doLogin" time="5.518">
    <failure message="An element could not be located on the page using the given search parameters. (WARNING: The server did not provide any stacktrace information)
Command duration or timeout: 395 milliseconds
For documentation on this error, please visit: http://seleniumhq.org/exceptions/no_such_element.html
Build info: version: &#039;2.50.1&#039;, revision: &#039;d7fc91b29de65b790abb01f3ac5f7ea2191c88a7&#039;, time: &#039;2016-01-29 11:11:26&#039;
System info: host: &#039;DESKTOP-O3QFT1M&#039;, ip: &#039;192.168.148.2&#039;, os.name: &#039;Windows 10&#039;, os.arch: &#039;amd64&#039;, os.version: &#039;10.0&#039;, java.version: &#039;10.0.1&#039;
Driver info: io.appium.java_client.android.AndroidDriver
Capabilities [{appPackage=com.poolagency, statBarHeight=48, viewportRect={top=48, left=0, width=768, height=1136}, deviceName=192.168.148.101:5555, platform=LINUX, deviceUDID=192.168.148.101:5555, desired={app=C:\Users\Anil\Downloads\poolagency.apk, platformVersion=7.1, automationName=UiAutomator2, browserName=WINDOWS, app-package=com.positivradio, app-activity=com.positivradio.activity, autoGrantPermissions=true, platformName=Android, device=Android, deviceName=192.168.148.101:5555}, platformVersion=7.1.1, webStorageEnabled=false, automationName=UiAutomator2, takesScreenshot=true, browserName=WINDOWS, javascriptEnabled=true, platformName=Android, deviceManufacturer=Genymotion, deviceApiLevel=25, app=C:\Users\Anil\Downloads\poolagency.apk, deviceScreenSize=768x1280, networkConnectionEnabled=true, warnings={}, app-package=com.positivradio, app-activity=com.positivradio.activity, databaseEnabled=false, pixelRatio=2, locationContextEnabled=false, autoGrantPermissions=true, deviceScreenDensity=320, deviceModel=Custom Phone - 7.1.0 - API 25 - 768x1280, device=Android}]
Session ID: 144c2129-9ae9-4658-8a1d-d61fb502932f
*** Element info: {Using=xpath, value=/hierarchy/android.widget.FrameLayout/android.widget.LinearLayout/android.widget.FrameLayout/android.widget.FrameLayout/android.view.ViewGroup/android.support.v4.view.ViewPager/android.view.ViewGroup/android.view.ViewGroup/android.view.ViewGroup/android.view.ViewGroup//android.widget.ScrollView/android.view.ViewGroup/android.widget.EditText[1]}" type="org.openqa.selenium.NoSuchElementException">
      <![CDATA[org.openqa.selenium.NoSuchElementException: An element could not be located on the page using the given search parameters. (WARNING: The server did not provide any stacktrace information)
Command duration or timeout: 395 milliseconds
For documentation on this error, please visit: http://seleniumhq.org/exceptions/no_such_element.html
Build info: version: '2.50.1', revision: 'd7fc91b29de65b790abb01f3ac5f7ea2191c88a7', time: '2016-01-29 11:11:26'
System info: host: 'DESKTOP-O3QFT1M', ip: '192.168.148.2', os.name: 'Windows 10', os.arch: 'amd64', os.version: '10.0', java.version: '10.0.1'
Driver info: io.appium.java_client.android.AndroidDriver
Capabilities [{appPackage=com.poolagency, statBarHeight=48, viewportRect={top=48, left=0, width=768, height=1136}, deviceName=192.168.148.101:5555, platform=LINUX, deviceUDID=192.168.148.101:5555, desired={app=C:\Users\Anil\Downloads\poolagency.apk, platformVersion=7.1, automationName=UiAutomator2, browserName=WINDOWS, app-package=com.positivradio, app-activity=com.positivradio.activity, autoGrantPermissions=true, platformName=Android, device=Android, deviceName=192.168.148.101:5555}, platformVersion=7.1.1, webStorageEnabled=false, automationName=UiAutomator2, takesScreenshot=true, browserName=WINDOWS, javascriptEnabled=true, platformName=Android, deviceManufacturer=Genymotion, deviceApiLevel=25, app=C:\Users\Anil\Downloads\poolagency.apk, deviceScreenSize=768x1280, networkConnectionEnabled=true, warnings={}, app-package=com.positivradio, app-activity=com.positivradio.activity, databaseEnabled=false, pixelRatio=2, locationContextEnabled=false, autoGrantPermissions=true, deviceScreenDensity=320, deviceModel=Custom Phone - 7.1.0 - API 25 - 768x1280, device=Android}]
Session ID: 144c2129-9ae9-4658-8a1d-d61fb502932f
*** Element info: {Using=xpath, value=/hierarchy/android.widget.FrameLayout/android.widget.LinearLayout/android.widget.FrameLayout/android.widget.FrameLayout/android.view.ViewGroup/android.support.v4.view.ViewPager/android.view.ViewGroup/android.view.ViewGroup/android.view.ViewGroup/android.view.ViewGroup//android.widget.ScrollView/android.view.ViewGroup/android.widget.EditText[1]}
	at java.base/jdk.internal.reflect.NativeConstructorAccessorImpl.newInstance0(Native Method)
	at java.base/jdk.internal.reflect.NativeConstructorAccessorImpl.newInstance(Unknown Source)
	at java.base/jdk.internal.reflect.DelegatingConstructorAccessorImpl.newInstance(Unknown Source)
	at java.base/java.lang.reflect.Constructor.newInstance(Unknown Source)
	at org.openqa.selenium.remote.ErrorHandler.createThrowable(ErrorHandler.java:206)
	at org.openqa.selenium.remote.ErrorHandler.throwIfResponseFailed(ErrorHandler.java:158)
	at org.openqa.selenium.remote.RemoteWebDriver.execute(RemoteWebDriver.java:678)
	at io.appium.java_client.DefaultGenericMobileDriver.execute(DefaultGenericMobileDriver.java:42)
	at io.appium.java_client.AppiumDriver.execute(AppiumDriver.java:1)
	at io.appium.java_client.android.AndroidDriver.execute(AndroidDriver.java:1)
	at org.openqa.selenium.remote.RemoteWebDriver.findElement(RemoteWebDriver.java:363)
	at org.openqa.selenium.remote.RemoteWebDriver.findElementByXPath(RemoteWebDriver.java:500)
	at io.appium.java_client.DefaultGenericMobileDriver.findElementByXPath(DefaultGenericMobileDriver.java:132)
	at io.appium.java_client.AppiumDriver.findElementByXPath(AppiumDriver.java:1)
	at io.appium.java_client.android.AndroidDriver.findElementByXPath(AndroidDriver.java:1)
	at org.openqa.selenium.By$ByXPath.findElement(By.java:361)
	at org.openqa.selenium.remote.RemoteWebDriver.findElement(RemoteWebDriver.java:355)
	at io.appium.java_client.DefaultGenericMobileDriver.findElement(DefaultGenericMobileDriver.java:52)
	at io.appium.java_client.AppiumDriver.findElement(AppiumDriver.java:1)
	at io.appium.java_client.android.AndroidDriver.findElement(AndroidDriver.java:1)
	at Ebay.Ebay.AppTest.doLogin(AppTest.java:77)
	at java.base/jdk.internal.reflect.NativeMethodAccessorImpl.invoke0(Native Method)
	at java.base/jdk.internal.reflect.NativeMethodAccessorImpl.invoke(Unknown Source)
	at java.base/jdk.internal.reflect.DelegatingMethodAccessorImpl.invoke(Unknown Source)
	at java.base/java.lang.reflect.Method.invoke(Unknown Source)
	at org.testng.internal.MethodInvocationHelper.invokeMethod(MethodInvocationHelper.java:80)
	at org.testng.internal.Invoker.invokeMethod(Invoker.java:714)
	at org.testng.internal.Invoker.invokeTestMethod(Invoker.java:901)
	at org.testng.internal.Invoker.invokeTestMethods(Invoker.java:1231)
	at org.testng.internal.TestMethodWorker.invokeTestMethods(TestMethodWorker.java:127)
	at org.testng.internal.TestMethodWorker.run(TestMethodWorker.java:111)
	at org.testng.TestRunner.privateRun(TestRunner.java:767)
	at org.testng.TestRunner.run(TestRunner.java:617)
	at org.testng.SuiteRunner.runTest(SuiteRunner.java:334)
	at org.testng.SuiteRunner.runSequentially(SuiteRunner.java:329)
	at org.testng.SuiteRunner.privateRun(SuiteRunner.java:291)
	at org.testng.SuiteRunner.run(SuiteRunner.java:240)
	at org.testng.SuiteRunnerWorker.runSuite(SuiteRunnerWorker.java:52)
	at org.testng.SuiteRunnerWorker.run(SuiteRunnerWorker.java:86)
	at org.testng.TestNG.runSuitesSequentially(TestNG.java:1198)
	at org.testng.TestNG.runSuitesLocally(TestNG.java:1123)
	at org.testng.TestNG.run(TestNG.java:1031)
	at org.testng.remote.AbstractRemoteTestNG.run(AbstractRemoteTestNG.java:114)
	at org.testng.remote.RemoteTestNG.initAndRun(RemoteTestNG.java:251)
	at org.testng.remote.RemoteTestNG.main(RemoteTestNG.java:77)
]]>
    </failure>
  </testcase> <!-- doLogin -->
  <testcase classname="Ebay.Ebay.AppTest" name="Signup" time="0.010"/>
</testsuite> <!-- Ebay.Ebay.AppTest -->
